0 info it worked if it ends with ok
1 verbose cli [ '/home/robin/.nvm/versions/node/v6.3.1/bin/node',
1 verbose cli   '/home/robin/.nvm/versions/node/v6.3.1/bin/npm',
1 verbose cli   'run',
1 verbose cli   'build' ]
2 info using npm@3.10.3
3 info using node@v6.3.1
4 verbose run-script [ 'prebuild', 'build', 'postbuild' ]
5 info lifecycle transpile@1.0.0~prebuild: transpile@1.0.0
6 silly lifecycle transpile@1.0.0~prebuild: no script for prebuild, continuing
7 info lifecycle transpile@1.0.0~build: transpile@1.0.0
8 verbose lifecycle transpile@1.0.0~build: unsafe-perm in lifecycle true
9 verbose lifecycle transpile@1.0.0~build: PATH: /home/robin/.nvm/versions/node/v6.3.1/lib/node_modules/npm/bin/node-gyp-bin:/mnt/c/users/robin/projects/javascript.exercises/transpile/node_modules/.bin:/home/robin/.nvm/versions/node/v6.3.1/bin:/home/robin/.rvm/gems/ruby-2.3.4/bin:/home/robin/.rvm/gems/ruby-2.3.4@global/bin:/home/robin/.rvm/rubies/ruby-2.3.4/bin:/home/robin/.nvm/versions/node/v6.3.1/bin:/usr/local/bin:/usr/local/sbin:/usr/sbin:/usr/bin:/sbin:/bin:/usr/games:/usr/local/games:/mnt/c/Program Files/ImageMagick-7.0.7-Q16:/mnt/c/Program Files (x86)/Common Files/Oracle/Java/javapath_target_471390:/mnt/c/Program Files (x86)/Intel/iCLS Client:/mnt/c/Program Files/Intel/iCLS Client:/mnt/c/Python36/Scripts:/mnt/c/Python36:/mnt/c/Program Files/Microsoft MPI/Bin:/mnt/c/ProgramData/Oracle/Java/javapath_target_10136375:/mnt/c/Windows/System32:/mnt/c/Windows:/mnt/c/Windows/System32/wbem:/mnt/c/Windows/System32/WindowsPowerShell/v1.0:/mnt/c/Program Files (x86)/NVIDIA Corporation/PhysX/Common:/mnt/c/Program Files (x86)/Intel/Intel(R) Management Engine Components/DAL:/mnt/c/Program Files/Intel/Intel(R) Management Engine Components/DAL:/mnt/c/Program Files (x86)/Intel/Intel(R) Management Engine Components/IPT:/mnt/c/Program Files/Intel/Intel(R) Management Engine Components/IPT:/mnt/c/Program Files/Git/cmd:/mnt/c/Windows/System32/OpenSSH:/mnt/c/ProgramData/chocolatey/bin:/mnt/c/Program Files/nodejs:/mnt/c/Program Files (x86)/Yarn/bin:/mnt/c/Program Files/Microsoft VS Code/bin:/mnt/c/RailsInstaller/Git/cmd:/mnt/c/RailsInstaller/Ruby2.3.3/bin:/mnt/c/Users/robin/AppData/Local/Microsoft/WindowsApps:/mnt/c/Users/robin/AppData/Local/GitHubDesktop/bin:/mnt/c/phantomjs-2.1.1-windows/bin:/mnt/c/Program Files/Heroku/bin:/mnt/c/RailsInstaller/DevKit/mingw/bin:/mnt/c/Users/robin/AppData/Roaming/npm:/mnt/c/Users/robin/AppData/Local/Yarn/bin:/home/robin/.rvm/bin
10 verbose lifecycle transpile@1.0.0~build: CWD: /mnt/c/users/robin/projects/javascript.exercises/transpile
11 silly lifecycle transpile@1.0.0~build: Args: [ '-c', 'babel src -d lib' ]
12 silly lifecycle transpile@1.0.0~build: Returned: code: 1  signal: null
13 info lifecycle transpile@1.0.0~build: Failed to exec build script
14 verbose stack Error: transpile@1.0.0 build: `babel src -d lib`
14 verbose stack Exit status 1
14 verbose stack     at EventEmitter.<anonymous> (/home/robin/.nvm/versions/node/v6.3.1/lib/node_modules/npm/lib/utils/lifecycle.js:242:16)
14 verbose stack     at emitTwo (events.js:106:13)
14 verbose stack     at EventEmitter.emit (events.js:191:7)
14 verbose stack     at ChildProcess.<anonymous> (/home/robin/.nvm/versions/node/v6.3.1/lib/node_modules/npm/lib/utils/spawn.js:40:14)
14 verbose stack     at emitTwo (events.js:106:13)
14 verbose stack     at ChildProcess.emit (events.js:191:7)
14 verbose stack     at maybeClose (internal/child_process.js:852:16)
14 verbose stack     at Process.ChildProcess._handle.onexit (internal/child_process.js:215:5)
15 verbose pkgid transpile@1.0.0
16 verbose cwd /mnt/c/users/robin/projects/javascript.exercises/transpile
17 error Linux 4.4.0-17134-Microsoft
18 error argv "/home/robin/.nvm/versions/node/v6.3.1/bin/node" "/home/robin/.nvm/versions/node/v6.3.1/bin/npm" "run" "build"
19 error node v6.3.1
20 error npm  v3.10.3
21 error code ELIFECYCLE
22 error transpile@1.0.0 build: `babel src -d lib`
22 error Exit status 1
23 error Failed at the transpile@1.0.0 build script 'babel src -d lib'.
23 error Make sure you have the latest version of node.js and npm installed.
23 error If you do, this is most likely a problem with the transpile package,
23 error not with npm itself.
23 error Tell the author that this fails on your system:
23 error     babel src -d lib
23 error You can get information on how to open an issue for this project with:
23 error     npm bugs transpile
23 error Or if that isn't available, you can get their info via:
23 error     npm owner ls transpile
23 error There is likely additional logging output above.
24 verbose exit [ 1, true ]
